<?xml version="1.0" encoding="UTF-8"?>
<testsuite xmlns:xsi="http://www.w3.org/2001/XMLSchema-instance" xsi:noNamespaceSchemaLocation="https://maven.apache.org/surefire/maven-surefire-plugin/xsd/surefire-test-report.xsd" version="3.0.2" name="com.spring.demo.Service.SentimentsTests" time="20.913" tests="2" errors="0" skipped="0" failures="0" flakes="0">
  <properties>
[...]
</properties>
  <testcase name="test" classname="com.spring.demo.Service.SentimentsTests" time="0.064">
    <system-out><![CDATA[21:08:31.694 [main] INFO  l o.s.t.c.s.AnnotationConfigContextLoaderUtils - Could not detect default configuration classes for test class [com.spring.demo.Service.SentimentsTests]: SentimentsTests does not declare any static, non-private, non-final, nested classes annotated with @Configuration.
21:08:31.712 [main] INFO  l o.s.b.t.c.SpringBootTestContextBootstrapper - Found @SpringBootConfiguration com.spring.demo.DemoApplication for test class com.spring.demo.Service.SentimentsTests
21:08:31.714 [main] INFO  l o.s.t.c.s.AnnotationConfigContextLoaderUtils - Could not detect default configuration classes for test class [com.spring.demo.Service.SentimentsTests]: SentimentsTests does not declare any static, non-private, non-final, nested classes annotated with @Configuration.
21:08:31.718 [main] INFO  l o.s.b.t.c.SpringBootTestContextBootstrapper - Found @SpringBootConfiguration com.spring.demo.DemoApplication for test class com.spring.demo.Service.SentimentsTests
21:08:31.779 [main] INFO  l c.s.demo.Service.SentimentsTests - Users are [User(id=6a089624cbdbfee7c6d86d37, username=john_doe, password=$2a$10$reacrdKETVFBPj/Dw.ivsejTeE2Pc5.xvhShtfthTgC6ZdvsuUUzW, journal_enteries=[], roles=[USER], email=john@example.com, enableSentiments=true), User(id=6a089771cbdbfee7c6d86d38, username=admin, password=$2a$10$G9KuSv9lRjKxncMsXpo/LOWw38tBaX/kRNHPT3Bt43kYEjvLN.A0m, journal_enteries=[], roles=[USER], email=admin@gmail.com, enableSentiments=true), User(id=6a0927ec4c7e596641570eaf, username=Amit, password=$2a$10$DiSR9d4Lg5Ze8B8QqdBnZe7cGNpZrWcnIezZCEONIbmeQ.VItZdQe, journal_enteries=[], roles=[USER], email=amitak3107@gmail.com, enableSentiments=true)]
]]></system-out>
  </testcase>
  <testcase name="fetchSentiments" classname="com.spring.demo.Service.SentimentsTests" time="20.813">
    <system-out><![CDATA[21:08:41.119 [main] INFO  l c.spring.demo.Service.EmailService - Mail sent Successfully..
21:08:46.709 [main] INFO  l c.spring.demo.Service.EmailService - Mail sent Successfully..
21:08:52.600 [main] INFO  l c.spring.demo.Service.EmailService - Mail sent Successfully..
]]></system-out>
  </testcase>
</testsuite>